<?xml version="1.0" encoding="UTF-8"?>
<testng-results skipped="0" failed="0" total="1" passed="1">
  <reporter-output>
  </reporter-output>
  <suite name="Surefire suite" duration-ms="180" started-at="2019-06-30T06:24:13Z" finished-at="2019-06-30T06:24:13Z">
    <groups>
    </groups>
    <test name="Surefire test" duration-ms="180" started-at="2019-06-30T06:24:13Z" finished-at="2019-06-30T06:24:13Z">
      <class name="com.codebind.Apptest">
        <test-method status="PASS" signature="shoudReturnTrue()[pri:0, instance:shoudReturnTrue(com.codebind.Apptest)]" name="shoudReturnTrue" duration-ms="15" started-at="2019-06-30T11:54:13Z" finished-at="2019-06-30T11:54:13Z">
          <reporter-output>
          </reporter-output>
        </test-method> <!-- shoudReturnTrue -->
      </class> <!-- com.codebind.Apptest -->
    </test> <!-- Surefire test -->
  </suite> <!-- Surefire suite -->
</testng-results>
